# JRE version: Java(TM) SE Runtime Environment (8.0_291-b10) (build 1.8.0_291-b10)
# Java VM: Java HotSpot(TM) 64-Bit Server VM (25.291-b10 mixed mode windows-amd64 compressed oops)
Heap:
 PSYoungGen      total 128000K, used 88241K [0x00000000d8400000, 0x00000000e2180000, 0x0000000100000000)
  eden space 119808K, 68% used [0x00000000d8400000,0x00000000dd49c5c8,0x00000000df900000)
  from space 8192K, 69% used [0x00000000df900000,0x00000000dfe90020,0x00000000e0100000)
  to   space 9216K, 0% used [0x00000000e1880000,0x00000000e1880000,0x00000000e2180000)
 ParOldGen       total 50176K, used 19887K [0x0000000088c00000, 0x000000008bd00000, 0x00000000d8400000)
  object space 50176K, 39% used [0x0000000088c00000,0x0000000089f6bd10,0x000000008bd00000)
 Metaspace       used 38606K, capacity 40848K, committed 41088K, reserved 1085440K
  class space    used 5014K, capacity 5426K, committed 5504K, reserved 1048576K
GC Heap History (10 events):
Event: 12.615 GC heap before
{Heap before GC invocations=11 (full 1):
 PSYoungGen      total 128000K, used 127747K [0x00000000d8400000, 0x00000000e2180000, 0x0000000100000000)
  eden space 119808K, 100% used [0x00000000d8400000,0x00000000df900000,0x00000000df900000)
  from space 8192K, 96% used [0x00000000df900000,0x00000000e00c0f50,0x00000000e0100000)
  to   space 9216K, 0% used [0x00000000e1880000,0x00000000e1880000,0x00000000e2180000)
 ParOldGen       total 50176K, used 6476K [0x0000000088c00000, 0x000000008bd00000, 0x00000000d8400000)
  object space 50176K, 12% used [0x0000000088c00000,0x0000000089253248,0x000000008bd00000)
 Metaspace       used 28159K, capacity 29638K, committed 29824K, reserved 1075200K
  class space    used 3808K, capacity 4103K, committed 4224K, reserved 1048576K
Event: 12.626 GC heap after
Heap after GC invocations=11 (full 1):
 PSYoungGen      total 129024K, used 9209K [0x00000000d8400000, 0x00000000e2180000, 0x0000000100000000)
  eden space 119808K, 0% used [0x00000000d8400000,0x00000000d8400000,0x00000000df900000)
  from space 9216K, 99% used [0x00000000e1880000,0x00000000e217e468,0x00000000e2180000)
  to   space 8192K, 0% used [0x00000000df900000,0x00000000df900000,0x00000000e0100000)
 ParOldGen       total 50176K, used 9701K [0x0000000088c00000, 0x000000008bd00000, 0x00000000d8400000)
  object space 50176K, 19% used [0x0000000088c00000,0x00000000895794c8,0x000000008bd00000)
 Metaspace       used 28159K, capacity 29638K, committed 29824K, reserved 1075200K
  class space    used 3808K, capacity 4103K, committed 4224K, reserved 1048576K
}
Event: 15.919 GC heap before
{Heap before GC invocations=12 (full 1):
 PSYoungGen      total 129024K, used 128164K [0x00000000d8400000, 0x00000000e2180000, 0x0000000100000000)
  eden space 119808K, 99% used [0x00000000d8400000,0x00000000df82ae20,0x00000000df900000)
  from space 9216K, 99% used [0x00000000e1880000,0x00000000e217e468,0x00000000e2180000)
  to   space 8192K, 0% used [0x00000000df900000,0x00000000df900000,0x00000000e0100000)
 ParOldGen       total 50176K, used 9701K [0x0000000088c00000, 0x000000008bd00000, 0x00000000d8400000)
  object space 50176K, 19% used [0x0000000088c00000,0x00000000895794c8,0x000000008bd00000)
 Metaspace       used 33342K, capacity 35354K, committed 35496K, reserved 1079296K
  class space    used 4482K, capacity 4873K, committed 4992K, reserved 1048576K
Event: 15.928 GC heap after
Heap after GC invocations=12 (full 1):
 PSYoungGen      total 128000K, used 7063K [0x00000000d8400000, 0x00000000e2180000, 0x0000000100000000)
  eden space 119808K, 0% used [0x00000000d8400000,0x00000000d8400000,0x00000000df900000)
  from space 8192K, 86% used [0x00000000df900000,0x00000000dffe5ef0,0x00000000e0100000)
  to   space 9216K, 0% used [0x00000000e1880000,0x00000000e1880000,0x00000000e2180000)
 ParOldGen       total 50176K, used 15145K [0x0000000088c00000, 0x000000008bd00000, 0x00000000d8400000)
  object space 50176K, 30% used [0x0000000088c00000,0x0000000089aca598,0x000000008bd00000)
 Metaspace       used 33342K, capacity 35354K, committed 35496K, reserved 1079296K
  class space    used 4482K, capacity 4873K, committed 4992K, reserved 1048576K
}
Event: 15.928 GC heap before
{Heap before GC invocations=13 (full 2):
 PSYoungGen      total 128000K, used 7063K [0x00000000d8400000, 0x00000000e2180000, 0x0000000100000000)
  eden space 119808K, 0% used [0x00000000d8400000,0x00000000d8400000,0x00000000df900000)
  from space 8192K, 86% used [0x00000000df900000,0x00000000dffe5ef0,0x00000000e0100000)
  to   space 9216K, 0% used [0x00000000e1880000,0x00000000e1880000,0x00000000e2180000)
 ParOldGen       total 50176K, used 15145K [0x0000000088c00000, 0x000000008bd00000, 0x00000000d8400000)
  object space 50176K, 30% used [0x0000000088c00000,0x0000000089aca598,0x000000008bd00000)
 Metaspace       used 33342K, capacity 35354K, committed 35496K, reserved 1079296K
  class space    used 4482K, capacity 4873K, committed 4992K, reserved 1048576K
Event: 16.026 GC heap after
Heap after GC invocations=13 (full 2):
 PSYoungGen      total 128000K, used 0K [0x00000000d8400000, 0x00000000e2180000, 0x0000000100000000)
  eden space 119808K, 0% used [0x00000000d8400000,0x00000000d8400000,0x00000000df900000)
  from space 8192K, 0% used [0x00000000df900000,0x00000000df900000,0x00000000e0100000)
  to   space 9216K, 0% used [0x00000000e1880000,0x00000000e1880000,0x00000000e2180000)
 ParOldGen       total 50176K, used 19807K [0x0000000088c00000, 0x000000008bd00000, 0x00000000d8400000)
  object space 50176K, 39% used [0x0000000088c00000,0x0000000089f57d00,0x000000008bd00000)
 Metaspace       used 33342K, capacity 35354K, committed 35496K, reserved 1079296K
  class space    used 4482K, capacity 4873K, committed 4992K, reserved 1048576K
}
Event: 16.909 GC heap before
{Heap before GC invocations=14 (full 2):
 PSYoungGen      total 128000K, used 119808K [0x00000000d8400000, 0x00000000e2180000, 0x0000000100000000)
  eden space 119808K, 100% used [0x00000000d8400000,0x00000000df900000,0x00000000df900000)
  from space 8192K, 0% used [0x00000000df900000,0x00000000df900000,0x00000000e0100000)
  to   space 9216K, 0% used [0x00000000e1880000,0x00000000e1880000,0x00000000e2180000)
 ParOldGen       total 50176K, used 19807K [0x0000000088c00000, 0x000000008bd00000, 0x00000000d8400000)
  object space 50176K, 39% used [0x0000000088c00000,0x0000000089f57d00,0x000000008bd00000)
 Metaspace       used 36423K, capacity 38592K, committed 38784K, reserved 1083392K
  class space    used 4841K, capacity 5236K, committed 5248K, reserved 1048576K
Event: 16.913 GC heap after
Heap after GC invocations=14 (full 2):
 PSYoungGen      total 129024K, used 2978K [0x00000000d8400000, 0x00000000e2180000, 0x0000000100000000)
  eden space 119808K, 0% used [0x00000000d8400000,0x00000000d8400000,0x00000000df900000)
  from space 9216K, 32% used [0x00000000e1880000,0x00000000e1b68900,0x00000000e2180000)
  to   space 8192K, 0% used [0x00000000df900000,0x00000000df900000,0x00000000e0100000)
 ParOldGen       total 50176K, used 19879K [0x0000000088c00000, 0x000000008bd00000, 0x00000000d8400000)
  object space 50176K, 39% used [0x0000000088c00000,0x0000000089f69d10,0x000000008bd00000)
 Metaspace       used 36423K, capacity 38592K, committed 38784K, reserved 1083392K
  class space    used 4841K, capacity 5236K, committed 5248K, reserved 1048576K
}
Event: 17.473 GC heap before
{Heap before GC invocations=15 (full 2):
 PSYoungGen      total 129024K, used 122786K [0x00000000d8400000, 0x00000000e2180000, 0x0000000100000000)
  eden space 119808K, 100% used [0x00000000d8400000,0x00000000df900000,0x00000000df900000)
  from space 9216K, 32% used [0x00000000e1880000,0x00000000e1b68900,0x00000000e2180000)
  to   space 8192K, 0% used [0x00000000df900000,0x00000000df900000,0x00000000e0100000)
 ParOldGen       total 50176K, used 19879K [0x0000000088c00000, 0x000000008bd00000, 0x00000000d8400000)
  object space 50176K, 39% used [0x0000000088c00000,0x0000000089f69d10,0x000000008bd00000)
 Metaspace       used 37245K, capacity 39516K, committed 39680K, reserved 1083392K
  class space    used 4876K, capacity 5288K, committed 5376K, reserved 1048576K
Event: 17.478 GC heap after
Heap after GC invocations=15 (full 2):
 PSYoungGen      total 128000K, used 5696K [0x00000000d8400000, 0x00000000e2180000, 0x0000000100000000)
  eden space 119808K, 0% used [0x00000000d8400000,0x00000000d8400000,0x00000000df900000)
  from space 8192K, 69% used [0x00000000df900000,0x00000000dfe90020,0x00000000e0100000)
  to   space 9216K, 0% used [0x00000000e1880000,0x00000000e1880000,0x00000000e2180000)
 ParOldGen       total 50176K, used 19887K [0x0000000088c00000, 0x000000008bd00000, 0x00000000d8400000)
  object space 50176K, 39% used [0x0000000088c00000,0x0000000089f6bd10,0x000000008bd00000)
 Metaspace       used 37245K, capacity 39516K, committed 39680K, reserved 1083392K
  class space    used 4876K, capacity 5288K, committed 5376K, reserved 1048576K
}

