# JRE version: Java(TM) SE Runtime Environment (8.0_291-b10) (build 1.8.0_291-b10)
# Java VM: Java HotSpot(TM) 64-Bit Server VM (25.291-b10 mixed mode windows-amd64 compressed oops)
Heap:
 PSYoungGen      total 128000K, used 84124K [0x00000000d8400000, 0x00000000e1f00000, 0x0000000100000000)
  eden space 119808K, 65% used [0x00000000d8400000,0x00000000dd0631c8,0x00000000df900000)
  from space 8192K, 72% used [0x00000000df900000,0x00000000dfec4020,0x00000000e0100000)
  to   space 8704K, 0% used [0x00000000e1680000,0x00000000e1680000,0x00000000e1f00000)
 ParOldGen       total 50176K, used 19894K [0x0000000088c00000, 0x000000008bd00000, 0x00000000d8400000)
  object space 50176K, 39% used [0x0000000088c00000,0x0000000089f6d8c8,0x000000008bd00000)
 Metaspace       used 38525K, capacity 40778K, committed 41088K, reserved 1085440K
  class space    used 5002K, capacity 5425K, committed 5504K, reserved 1048576K
GC Heap History (10 events):
Event: 11.416 GC heap before
{Heap before GC invocations=11 (full 1):
 PSYoungGen      total 128000K, used 127571K [0x00000000d8400000, 0x00000000e1f00000, 0x0000000100000000)
  eden space 119808K, 100% used [0x00000000d8400000,0x00000000df900000,0x00000000df900000)
  from space 8192K, 94% used [0x00000000df900000,0x00000000e0094db8,0x00000000e0100000)
  to   space 8704K, 0% used [0x00000000e1680000,0x00000000e1680000,0x00000000e1f00000)
 ParOldGen       total 50176K, used 6489K [0x0000000088c00000, 0x000000008bd00000, 0x00000000d8400000)
  object space 50176K, 12% used [0x0000000088c00000,0x0000000089256560,0x000000008bd00000)
 Metaspace       used 28110K, capacity 29588K, committed 29696K, reserved 1075200K
  class space    used 3797K, capacity 4092K, committed 4096K, reserved 1048576K
Event: 11.427 GC heap after
Heap after GC invocations=11 (full 1):
 PSYoungGen      total 128512K, used 8673K [0x00000000d8400000, 0x00000000e1f00000, 0x0000000100000000)
  eden space 119808K, 0% used [0x00000000d8400000,0x00000000d8400000,0x00000000df900000)
  from space 8704K, 99% used [0x00000000e1680000,0x00000000e1ef8408,0x00000000e1f00000)
  to   space 8192K, 0% used [0x00000000df900000,0x00000000df900000,0x00000000e0100000)
 ParOldGen       total 50176K, used 10122K [0x0000000088c00000, 0x000000008bd00000, 0x00000000d8400000)
  object space 50176K, 20% used [0x0000000088c00000,0x00000000895e28f0,0x000000008bd00000)
 Metaspace       used 28110K, capacity 29588K, committed 29696K, reserved 1075200K
  class space    used 3797K, capacity 4092K, committed 4096K, reserved 1048576K
}
Event: 14.753 GC heap before
{Heap before GC invocations=12 (full 1):
 PSYoungGen      total 128512K, used 128481K [0x00000000d8400000, 0x00000000e1f00000, 0x0000000100000000)
  eden space 119808K, 100% used [0x00000000d8400000,0x00000000df900000,0x00000000df900000)
  from space 8704K, 99% used [0x00000000e1680000,0x00000000e1ef8408,0x00000000e1f00000)
  to   space 8192K, 0% used [0x00000000df900000,0x00000000df900000,0x00000000e0100000)
 ParOldGen       total 50176K, used 10122K [0x0000000088c00000, 0x000000008bd00000, 0x00000000d8400000)
  object space 50176K, 20% used [0x0000000088c00000,0x00000000895e28f0,0x000000008bd00000)
 Metaspace       used 33341K, capacity 35354K, committed 35496K, reserved 1079296K
  class space    used 4481K, capacity 4873K, committed 4992K, reserved 1048576K
Event: 14.763 GC heap after
Heap after GC invocations=12 (full 1):
 PSYoungGen      total 128000K, used 7078K [0x00000000d8400000, 0x00000000e1f00000, 0x0000000100000000)
  eden space 119808K, 0% used [0x00000000d8400000,0x00000000d8400000,0x00000000df900000)
  from space 8192K, 86% used [0x00000000df900000,0x00000000dffe9800,0x00000000e0100000)
  to   space 8704K, 0% used [0x00000000e1680000,0x00000000e1680000,0x00000000e1f00000)
 ParOldGen       total 50176K, used 15502K [0x0000000088c00000, 0x000000008bd00000, 0x00000000d8400000)
  object space 50176K, 30% used [0x0000000088c00000,0x0000000089b23960,0x000000008bd00000)
 Metaspace       used 33341K, capacity 35354K, committed 35496K, reserved 1079296K
  class space    used 4481K, capacity 4873K, committed 4992K, reserved 1048576K
}
Event: 14.763 GC heap before
{Heap before GC invocations=13 (full 2):
 PSYoungGen      total 128000K, used 7078K [0x00000000d8400000, 0x00000000e1f00000, 0x0000000100000000)
  eden space 119808K, 0% used [0x00000000d8400000,0x00000000d8400000,0x00000000df900000)
  from space 8192K, 86% used [0x00000000df900000,0x00000000dffe9800,0x00000000e0100000)
  to   space 8704K, 0% used [0x00000000e1680000,0x00000000e1680000,0x00000000e1f00000)
 ParOldGen       total 50176K, used 15502K [0x0000000088c00000, 0x000000008bd00000, 0x00000000d8400000)
  object space 50176K, 30% used [0x0000000088c00000,0x0000000089b23960,0x000000008bd00000)
 Metaspace       used 33341K, capacity 35354K, committed 35496K, reserved 1079296K
  class space    used 4481K, capacity 4873K, committed 4992K, reserved 1048576K
Event: 14.857 GC heap after
Heap after GC invocations=13 (full 2):
 PSYoungGen      total 128000K, used 0K [0x00000000d8400000, 0x00000000e1f00000, 0x0000000100000000)
  eden space 119808K, 0% used [0x00000000d8400000,0x00000000d8400000,0x00000000df900000)
  from space 8192K, 0% used [0x00000000df900000,0x00000000df900000,0x00000000e0100000)
  to   space 8704K, 0% used [0x00000000e1680000,0x00000000e1680000,0x00000000e1f00000)
 ParOldGen       total 50176K, used 19814K [0x0000000088c00000, 0x000000008bd00000, 0x00000000d8400000)
  object space 50176K, 39% used [0x0000000088c00000,0x0000000089f598b8,0x000000008bd00000)
 Metaspace       used 33341K, capacity 35354K, committed 35496K, reserved 1079296K
  class space    used 4481K, capacity 4873K, committed 4992K, reserved 1048576K
}
Event: 15.696 GC heap before
{Heap before GC invocations=14 (full 2):
 PSYoungGen      total 128000K, used 119808K [0x00000000d8400000, 0x00000000e1f00000, 0x0000000100000000)
  eden space 119808K, 100% used [0x00000000d8400000,0x00000000df900000,0x00000000df900000)
  from space 8192K, 0% used [0x00000000df900000,0x00000000df900000,0x00000000e0100000)
  to   space 8704K, 0% used [0x00000000e1680000,0x00000000e1680000,0x00000000e1f00000)
 ParOldGen       total 50176K, used 19814K [0x0000000088c00000, 0x000000008bd00000, 0x00000000d8400000)
  object space 50176K, 39% used [0x0000000088c00000,0x0000000089f598b8,0x000000008bd00000)
 Metaspace       used 36442K, capacity 38592K, committed 38784K, reserved 1083392K
  class space    used 4840K, capacity 5236K, committed 5248K, reserved 1048576K
Event: 15.700 GC heap after
Heap after GC invocations=14 (full 2):
 PSYoungGen      total 128512K, used 3092K [0x00000000d8400000, 0x00000000e1f00000, 0x0000000100000000)
  eden space 119808K, 0% used [0x00000000d8400000,0x00000000d8400000,0x00000000df900000)
  from space 8704K, 35% used [0x00000000e1680000,0x00000000e19850b0,0x00000000e1f00000)
  to   space 8192K, 0% used [0x00000000df900000,0x00000000df900000,0x00000000e0100000)
 ParOldGen       total 50176K, used 19886K [0x0000000088c00000, 0x000000008bd00000, 0x00000000d8400000)
  object space 50176K, 39% used [0x0000000088c00000,0x0000000089f6b8c8,0x000000008bd00000)
 Metaspace       used 36442K, capacity 38592K, committed 38784K, reserved 1083392K
  class space    used 4840K, capacity 5236K, committed 5248K, reserved 1048576K
}
Event: 16.261 GC heap before
{Heap before GC invocations=15 (full 2):
 PSYoungGen      total 128512K, used 122900K [0x00000000d8400000, 0x00000000e1f00000, 0x0000000100000000)
  eden space 119808K, 100% used [0x00000000d8400000,0x00000000df900000,0x00000000df900000)
  from space 8704K, 35% used [0x00000000e1680000,0x00000000e19850b0,0x00000000e1f00000)
  to   space 8192K, 0% used [0x00000000df900000,0x00000000df900000,0x00000000e0100000)
 ParOldGen       total 50176K, used 19886K [0x0000000088c00000, 0x000000008bd00000, 0x00000000d8400000)
  object space 50176K, 39% used [0x0000000088c00000,0x0000000089f6b8c8,0x000000008bd00000)
 Metaspace       used 37262K, capacity 39516K, committed 39680K, reserved 1083392K
  class space    used 4875K, capacity 5288K, committed 5376K, reserved 1048576K
Event: 16.266 GC heap after
Heap after GC invocations=15 (full 2):
 PSYoungGen      total 128000K, used 5904K [0x00000000d8400000, 0x00000000e1f00000, 0x0000000100000000)
  eden space 119808K, 0% used [0x00000000d8400000,0x00000000d8400000,0x00000000df900000)
  from space 8192K, 72% used [0x00000000df900000,0x00000000dfec4020,0x00000000e0100000)
  to   space 8704K, 0% used [0x00000000e1680000,0x00000000e1680000,0x00000000e1f00000)
 ParOldGen       total 50176K, used 19894K [0x0000000088c00000, 0x000000008bd00000, 0x00000000d8400000)
  object space 50176K, 39% used [0x0000000088c00000,0x0000000089f6d8c8,0x000000008bd00000)
 Metaspace       used 37262K, capacity 39516K, committed 39680K, reserved 1083392K
  class space    used 4875K, capacity 5288K, committed 5376K, reserved 1048576K
}

